2026/01/18 13:27:01 OK   20260117072058_create_chat_tab.sql (4.69ms)
2026/01/18 13:27:01 OK   20260117115209_create_message_tab.sql (5.95ms)
2026/01/18 13:27:01 goose: successfully migrated database to version: 20260117115209
{"level":"info","time":"2026-01-18T13:27:01.854Z","logger":"app","caller":"cmd/main.go:33","msg":"база данных создана ","started":"2026-01-18T13:27:01.854Z"}
{"level":"info","time":"2026-01-18T13:27:01.854Z","logger":"app","caller":"cmd/main.go:57","msg":"сервер запущен и слушает ","started":"2026-01-18T13:27:01.854Z"}
{"level":"info","time":"2026-01-18T13:27:06.863Z","caller":"app/application.go:71","msg":"метрики","chats_total":0,"messages_total":0}
{"level":"info","time":"2026-01-18T13:27:11.859Z","caller":"app/application.go:71","msg":"метрики","chats_total":0,"messages_total":0}
{"level":"info","time":"2026-01-18T13:27:16.095Z","logger":"app","caller":"middleware/log.go:25","msg":"request started","method":"POST","url":"/chats/"}
{"level":"info","time":"2026-01-18T13:27:16.101Z","logger":"app","caller":"middleware/log.go:29","msg":"request finished","status":200,"duration":0.006061864}
{"level":"info","time":"2026-01-18T13:27:16.854Z","caller":"app/application.go:71","msg":"метрики","chats_total":1,"messages_total":0}
{"level":"info","time":"2026-01-18T13:27:21.153Z","logger":"app","caller":"middleware/log.go:25","msg":"request started","method":"POST","url":"/chats/2/messages/"}
{"level":"warn","time":"2026-01-18T13:27:21.155Z","logger":"app.chat_api_http","caller":"httpAPI/chat_handler_http.go:181","msg":"чат не найден","error":"чат не найден"}
{"level":"info","time":"2026-01-18T13:27:21.155Z","logger":"app","caller":"middleware/log.go:29","msg":"request finished","status":200,"duration":0.001657825}
{"level":"info","time":"2026-01-18T13:27:21.854Z","caller":"app/application.go:71","msg":"метрики","chats_total":1,"messages_total":0}
{"level":"info","time":"2026-01-18T13:27:26.858Z","caller":"app/application.go:71","msg":"метрики","chats_total":1,"messages_total":0}
{"level":"info","time":"2026-01-18T13:27:31.859Z","caller":"app/application.go:71","msg":"метрики","chats_total":1,"messages_total":0}
{"level":"info","time":"2026-01-18T13:27:35.484Z","logger":"app","caller":"middleware/log.go:25","msg":"request started","method":"POST","url":"/chats/1/messages/"}
{"level":"info","time":"2026-01-18T13:27:35.488Z","logger":"app","caller":"middleware/log.go:29","msg":"request finished","status":200,"duration":0.003567482}
{"level":"info","time":"2026-01-18T13:27:36.855Z","caller":"app/application.go:71","msg":"метрики","chats_total":1,"messages_total":1}
{"level":"info","time":"2026-01-18T13:27:39.015Z","logger":"app","caller":"middleware/log.go:25","msg":"request started","method":"POST","url":"/chats/1/messages/"}
{"level":"info","time":"2026-01-18T13:27:39.018Z","logger":"app","caller":"middleware/log.go:29","msg":"request finished","status":200,"duration":0.002991841}
{"level":"info","time":"2026-01-18T13:27:41.853Z","caller":"app/application.go:71","msg":"метрики","chats_total":1,"messages_total":2}
{"level":"info","time":"2026-01-18T13:27:44.329Z","logger":"app","caller":"middleware/log.go:25","msg":"request started","method":"POST","url":"/chats/1/messages/"}
{"level":"info","time":"2026-01-18T13:27:44.333Z","logger":"app","caller":"middleware/log.go:29","msg":"request finished","status":200,"duration":0.004000255}
{"level":"info","time":"2026-01-18T13:27:46.855Z","caller":"app/application.go:71","msg":"метрики","chats_total":1,"messages_total":3}
{"level":"info","time":"2026-01-18T13:27:48.829Z","logger":"app","caller":"middleware/log.go:25","msg":"request started","method":"DELETE","url":"/chats/1"}
{"level":"info","time":"2026-01-18T13:27:48.832Z","logger":"app","caller":"middleware/log.go:29","msg":"request finished","status":200,"duration":0.003715613}
{"level":"info","time":"2026-01-18T13:27:51.853Z","caller":"app/application.go:71","msg":"метрики","chats_total":0,"messages_total":0}
{"level":"info","time":"2026-01-18T13:27:56.858Z","caller":"app/application.go:71","msg":"метрики","chats_total":0,"messages_total":0}
{"level":"info","time":"2026-01-18T13:28:01.857Z","caller":"app/application.go:71","msg":"метрики","chats_total":0,"messages_total":0}
